% mean class accuracy (train set)	
 6.4685e+01	
 8.0020e+01	
 8.1868e+01	
 8.4416e+01	
 8.9660e+01	
 9.7203e+01	
 9.8002e+01	
 9.2108e+01	
 9.5155e+01	
 9.3007e+01	
 8.8661e+01	
 8.8112e+01	
 9.6903e+01	
 9.5255e+01	
 9.4905e+01	
 9.2657e+01	
 9.4555e+01	
 9.2757e+01	
 9.2408e+01	
 9.7852e+01	
 9.6154e+01	
 9.1708e+01	
 9.2258e+01	
 9.1908e+01	
 9.0859e+01	
 9.5155e+01	
 9.8551e+01	
 9.8651e+01	
 9.4156e+01	
 9.6304e+01	
 9.4955e+01	
 9.3107e+01	
 9.3257e+01	
 9.7952e+01	
 9.6254e+01	
 9.6404e+01	
 9.4406e+01	
 9.5604e+01	
 9.4905e+01	
 9.4156e+01	
 9.8601e+01	
 9.7003e+01	
 9.3806e+01	
 9.3207e+01	
 9.3407e+01	
 9.3506e+01	
 9.6004e+01	
 9.9151e+01	
 9.9051e+01	
 9.5105e+01	
 9.7502e+01	
 9.6953e+01	
 9.4955e+01	
 9.5255e+01	
 9.8851e+01	
 9.7203e+01	
 9.7253e+01	
 9.5005e+01	
 9.6104e+01	
 9.6104e+01	
 9.4505e+01	
 9.8751e+01	
 9.7253e+01	
 9.5255e+01	
 9.3756e+01	
 9.4505e+01	
 9.4056e+01	
 9.6354e+01	
 9.9051e+01	
 9.9301e+01	
 9.5355e+01	
 9.7752e+01	
 9.7802e+01	
 9.5704e+01	
 9.6054e+01	
 9.8402e+01	
 9.7453e+01	
 9.7652e+01	
 9.5604e+01	
 9.6653e+01	
 9.6853e+01	
 9.5205e+01	
 9.8851e+01	
 9.7502e+01	
 9.5654e+01	
 9.4256e+01	
 9.5055e+01	
 9.4955e+01	
 9.7103e+01	
 9.9351e+01	
 9.9151e+01	
 9.6054e+01	
 9.8052e+01	
 9.8152e+01	
 9.6603e+01	
 9.6853e+01	
 9.8901e+01	
 9.7453e+01	
 9.7852e+01	
 9.5954e+01	
 9.6553e+01	
 9.6903e+01	
 9.5504e+01	
 9.8801e+01	
 9.7353e+01	
 9.6404e+01	
 9.4555e+01	
 9.6354e+01	
 9.5355e+01	
 9.7403e+01	
 9.9301e+01	
 9.9351e+01	
 9.5804e+01	
 9.8452e+01	
 9.8402e+01	
 9.7103e+01	
 9.7253e+01	
 9.8901e+01	
 9.8002e+01	
 9.8302e+01	
 9.6154e+01	
 9.6753e+01	
 9.7502e+01	
 9.6503e+01	
 9.8951e+01	
 9.7652e+01	
