% mean class accuracy (train set)	
 5.6859e+01	
 6.3048e+01	
 6.4896e+01	
 6.6074e+01	
 6.8430e+01	
 7.0762e+01	
 7.2333e+01	
 7.3880e+01	
 7.4480e+01	
 7.5543e+01	
 7.6259e+01	
 7.6559e+01	
 7.7598e+01	
 7.7945e+01	
 7.8522e+01	
 7.9145e+01	
 7.9931e+01	
 7.9561e+01	
 8.1132e+01	
 8.1155e+01	
 8.1709e+01	
 8.2933e+01	
 8.2702e+01	
 8.3233e+01	
 8.3903e+01	
 8.4619e+01	
 8.5497e+01	
 8.5358e+01	
 8.6513e+01	
 8.6952e+01	
 8.7344e+01	
 8.7506e+01	
 8.8268e+01	
 8.8730e+01	
 8.9238e+01	
 8.9538e+01	
 9.0139e+01	
 9.0023e+01	
 9.0670e+01	
 9.0785e+01	
 9.1132e+01	
 9.1432e+01	
 9.1963e+01	
 9.2217e+01	
 9.2540e+01	
 9.2471e+01	
 9.3303e+01	
 9.3279e+01	
 9.3811e+01	
 9.3626e+01	
 9.4319e+01	
 9.4065e+01	
 9.4319e+01	
 9.4434e+01	
 9.4734e+01	
 9.4988e+01	
 9.4850e+01	
 9.5381e+01	
 9.5358e+01	
 9.5520e+01	
 9.5658e+01	
 9.5958e+01	
 9.5912e+01	
 9.6097e+01	
 9.6166e+01	
 9.6397e+01	
 9.6490e+01	
 9.6744e+01	
 9.6467e+01	
 9.6744e+01	
 9.6813e+01	
 9.6882e+01	
 9.6998e+01	
 9.7021e+01	
 9.7275e+01	
